#
# A fatal error has been detected by the Java Runtime Environment:
#
#  EXCEPTION_ACCESS_VIOLATION (0xc0000005) at pc=0x0000000077be7b0b, pid=1296, tid=7132
#
# JRE version: 6.0_17-b04
# Java VM: Java HotSpot(TM) 64-Bit Server VM (14.3-b01 mixed mode windows-amd64 )
# Problematic frame:
# C  [ntdll.dll+0x27b0b]
#
# If you would like to submit a bug report, please visit:
#   http://java.sun.com/webapps/bugreport/crash.jsp
# The crash happened outside the Java Virtual Machine in native code.
# See problematic frame for where to report the bug.
#

---------------  T H R E A D  ---------------

Current thread (0x0000000071b58000):  JavaThread "Thread-446" [_thread_in_native, id=7132, stack(0x00000000e1740000,0x00000000e5740000)]

siginfo: ExceptionCode=0xc0000005, reading address 0x000000003d7fb870

Registers:
EAX=0x0000000000000000, EBX=0x00000000e573e250, ECX=0xffffffffffffffff, EDX=0x00000000e573e250
ESP=0x00000000e573e130, EBP=0x00000000e573e208, ESI=0x00000000e573e268, EDI=0x000000003d7fb870
EIP=0x0000000077be7b0b, EFLAGS=0x0000000000010246

Top of Stack: (sp=0x00000000e573e130)
0x00000000e573e130:   0000000000000000 0000000004100274
0x00000000e573e140:   00000000e573e180 8000000000000001
0x00000000e573e150:   0000000000000000 00000000082c3310
0x00000000e573e160:   000000006d792ed0 00000000094a04c8
0x00000000e573e170:   00000000e573e2e0 000000003d7fb870
0x00000000e573e180:   000000013d7fb870 0000000000000000
0x00000000e573e190:   0000000000000000 00000000082c3e27
0x00000000e573e1a0:   00000000e573e208 0000000000000008
0x00000000e573e1b0:   0000000000000008 0000000000000002
0x00000000e573e1c0:   000007fefb870000 00000000e573e250
0x00000000e573e1d0:   0000000000000000 000007fefdd40052
0x00000000e573e1e0:   000000003d7fb870 00000000e573e250
0x00000000e573e1f0:   00000000e573e208 00000000e573e268
0x00000000e573e200:   ffffffffffffffff 000000000040003e
0x00000000e573e210:   00000000e573e2e0 0000000077bc4ee8
0x00000000e573e220:   0000000004000004 000000007107af60 

Instructions: (pc=0x0000000077be7b0b)
0x0000000077be7afb:   84 bf c7 01 00 48 83 c9 ff 33 c0 48 89 7c 24 48
0x0000000077be7b0b:   66 f2 af 48 f7 d1 48 ff c9 48 81 f9 fe 7f 00 00 


Stack: [0x00000000e1740000,0x00000000e5740000],  sp=0x00000000e573e130,  free space=65528k
Native frames: (J=compiled Java code, j=interpreted, Vv=VM code, C=native code)
C  [ntdll.dll+0x27b0b]

Java frames: (J=compiled Java code, j=interpreted, Vv=VM code)
j  com.mathworks.util.NativeJava.showNativeFileDialogMulti(JZLjava/lang/String;Ljava/lang/String;Ljava/lang/String;Ljava/lang/String;ZZLjava/lang/String;I)Ljava/lang/Object;+0
j  com.mathworks.mwswing.MJFileChooserPerPlatform$RunnableNativeDispatch.runNative()V+37
j  com.mathworks.mwswing.MJFileChooserPerPlatform$RunnableNativeDispatch.runWindows()V+22
j  com.mathworks.mwswing.MJFileChooserPerPlatform$RunnableNativeDispatch.run()V+7
j  java.lang.Thread.run()V+11
v  ~StubRoutines::call_stub

---------------  P R O C E S S  ---------------

Java Threads: ( => current thread )
  0x0000000071b5d000 JavaThread "Foxtrot Single Worker Thread #1" daemon [_thread_blocked, id=3532, stack(0x00000000e5740000,0x00000000e9740000)]
=>0x0000000071b58000 JavaThread "Thread-446" [_thread_in_native, id=7132, stack(0x00000000e1740000,0x00000000e5740000)]
  0x0000000071b5b800 JavaThread "pool-2-thread-1" [_thread_blocked, id=6892, stack(0x000000012d740000,0x0000000131740000)]
  0x0000000071b5b000 JavaThread "pool-7-thread-1" [_thread_blocked, id=3764, stack(0x0000000131740000,0x0000000135740000)]
  0x0000000071b59800 JavaThread "Prefs Updater" daemon [_thread_blocked, id=6592, stack(0x0000000111740000,0x0000000115740000)]
  0x0000000071b59000 JavaThread "Timer-2" daemon [_thread_blocked, id=4364, stack(0x0000000135740000,0x0000000139740000)]
  0x000000006942a000 JavaThread "com.jniwrapper.NativeResourceCollector" daemon [_thread_blocked, id=3196, stack(0x0000000119740000,0x000000011d740000)]
  0x000000006942a800 JavaThread "Swing-Shell" daemon [_thread_blocked, id=6768, stack(0x0000000121740000,0x0000000125740000)]
  0x0000000069426800 JavaThread "Code Analyzer updating thread" [_thread_blocked, id=6492, stack(0x000000010d740000,0x0000000111740000)]
  0x0000000069425800 JavaThread "Code Analyzer updating thread" [_thread_blocked, id=6248, stack(0x0000000109740000,0x000000010d740000)]
  0x0000000069425000 JavaThread "Code Analyzer updating thread" [_thread_blocked, id=2908, stack(0x0000000105740000,0x0000000109740000)]
  0x0000000069424000 JavaThread "Code Analyzer updating thread" [_thread_blocked, id=4240, stack(0x0000000101740000,0x0000000105740000)]
  0x0000000069423800 JavaThread "Code Analyzer updating thread" [_thread_blocked, id=6448, stack(0x00000000fd740000,0x0000000101740000)]
  0x000000004aee4000 JavaThread "Code Analyzer updating thread" [_thread_blocked, id=5924, stack(0x00000000f9740000,0x00000000fd740000)]
  0x000000004aee3800 JavaThread "Code Analyzer updating thread" [_thread_blocked, id=7156, stack(0x00000000f5740000,0x00000000f9740000)]
  0x000000004aee2800 JavaThread "Code Analyzer updating thread" [_thread_blocked, id=6976, stack(0x00000000f1740000,0x00000000f5740000)]
  0x000000004aedf800 JavaThread "Code Analyzer updating thread" [_thread_blocked, id=6236, stack(0x00000000dd740000,0x00000000e1740000)]
  0x000000004aee2000 JavaThread "Code Analyzer updating thread" [_thread_blocked, id=6444, stack(0x00000000ed740000,0x00000000f1740000)]
  0x000000004aee1000 JavaThread "Code Analyzer updating thread" [_thread_blocked, id=5480, stack(0x00000000e9740000,0x00000000ed740000)]
  0x000000004aedf000 JavaThread "Code Analyzer updating thread" [_thread_blocked, id=2252, stack(0x00000000d0770000,0x00000000d4770000)]
  0x000000004aedc000 JavaThread "Active Reference Queue Daemon" daemon [_thread_blocked, id=6900, stack(0x00000000cc770000,0x00000000d0770000)]
  0x000000004aedd800 JavaThread "Timer-1" daemon [_thread_blocked, id=2652, stack(0x00000000a4770000,0x00000000a8770000)]
  0x000000004aed9000 JavaThread "ClipboardMonitor Timer" daemon [_thread_blocked, id=6732, stack(0x00000000ac770000,0x00000000b0770000)]
  0x000000004aedd000 JavaThread "Explorer NavigationContext request queue" daemon [_thread_blocked, id=2588, stack(0x00000000d9740000,0x00000000dd740000)]
  0x000000004aedb800 JavaThread "AddressBar directory emptiness poller" daemon [_thread_blocked, id=2888, stack(0x00000000a0770000,0x00000000a4770000)]
  0x000000004aeda000 JavaThread "Explorer Refresh Service 10643000" daemon [_thread_blocked, id=556, stack(0x0000000090770000,0x0000000094770000)]
  0x000000004aed8800 JavaThread "Thread-4" daemon [_thread_blocked, id=6500, stack(0x00000000c8770000,0x00000000cc770000)]
  0x000000004aed7800 JavaThread "TimerQueue" daemon [_thread_blocked, id=7136, stack(0x00000000c4770000,0x00000000c8770000)]
  0x000000004aed7000 JavaThread "Thread-3" daemon [_thread_blocked, id=5044, stack(0x0000000098770000,0x000000009c770000)]
  0x000000004aed6000 JavaThread "AWT-EventQueue-0" [_thread_blocked, id=7144, stack(0x00000000c0770000,0x00000000c4770000)]
  0x000000004aed5800 JavaThread "AWT-Shutdown" [_thread_blocked, id=2560, stack(0x00000000b0770000,0x00000000b4770000)]
  0x000000004aed5000 JavaThread "FelixPackageAdmin" daemon [_thread_blocked, id=6160, stack(0x00000000bc770000,0x00000000c0770000)]
  0x0000000068fa3000 JavaThread "FelixStartLevel" daemon [_thread_blocked, id=6692, stack(0x00000000b8770000,0x00000000bc770000)]
  0x0000000062fd4800 JavaThread "FelixDispatchQueue" daemon [_thread_blocked, id=6828, stack(0x00000000b4770000,0x00000000b8770000)]
  0x0000000006631000 JavaThread "com.google.common.base.internal.Finalizer" daemon [_thread_blocked, id=2792, stack(0x000000009c770000,0x00000000a0770000)]
  0x000000000662d800 JavaThread "AWT-Windows" daemon [_thread_in_native, id=6980, stack(0x0000000094770000,0x0000000098770000)]
  0x0000000067e90000 JavaThread "Java2D Disposer" daemon [_thread_blocked, id=4304, stack(0x000000008c770000,0x0000000090770000)]
  0x000000006896f000 JavaThread "Timer-0" [_thread_blocked, id=952, stack(0x0000000088770000,0x000000008c770000)]
  0x000000006890a800 JavaThread "EventMgr Dispatcher" daemon [_thread_in_native, id=3024, stack(0x0000000084770000,0x0000000088770000)]
  0x000000004ae52000 JavaThread "Low Memory Detector" daemon [_thread_blocked, id=2784, stack(0x0000000063e70000,0x0000000067e70000)]
  0x000000004ae50800 JavaThread "CompilerThread1" daemon [_thread_blocked, id=6752, stack(0x000000005ef40000,0x0000000062f40000)]
  0x000000004ae43800 JavaThread "CompilerThread0" daemon [_thread_blocked, id=5072, stack(0x000000005af40000,0x000000005ef40000)]
  0x000000004ae42000 JavaThread "Attach Listener" daemon [_thread_blocked, id=6324, stack(0x0000000056f40000,0x000000005af40000)]
  0x000000004ade8800 JavaThread "Finalizer" daemon [_thread_blocked, id=6724, stack(0x0000000052f40000,0x0000000056f40000)]
  0x000000004ade7800 JavaThread "Reference Handler" daemon [_thread_blocked, id=6808, stack(0x000000004ef40000,0x0000000052f40000)]
  0x00000000065e6000 JavaThread "main" [_thread_in_native, id=6380, stack(0x0000000000030000,0x0000000004030000)]

Other Threads:
  0x000000004ade4800 VMThread [stack: 0x000000004af40000,0x000000004ef40000] [id=1452]
  0x000000004aea0000 WatcherThread [stack: 0x0000000080770000,0x0000000084770000] [id=6244]

VM state:not at safepoint (normal execution)

VM Mutex/Monitor currently owned by a thread: None

Heap
 PSYoungGen      total 15808K, used 2628K [0x0000000037c40000, 0x0000000038c40000, 0x000000003ad40000)
  eden space 15232K, 14% used [0x0000000037c40000,0x0000000037e606f0,0x0000000038b20000)
  from space 576K, 78% used [0x0000000038bb0000,0x0000000038c20aa0,0x0000000038c40000)
  to   space 576K, 0% used [0x0000000038b20000,0x0000000038b20000,0x0000000038bb0000)
 PSOldGen        total 79104K, used 70612K [0x000000002e940000, 0x0000000033680000, 0x0000000037c40000)
  object space 79104K, 89% used [0x000000002e940000,0x0000000032e350c8,0x0000000033680000)
 PSPermGen       total 121088K, used 80721K [0x0000000026940000, 0x000000002df80000, 0x000000002e940000)
  object space 121088K, 66% used [0x0000000026940000,0x000000002b814638,0x000000002df80000)

Dynamic libraries:
0x0000000140000000 - 0x0000000140028000 	C:\Program Files\MATLAB\R2013a\bin\win64\MATLAB.exe
0x0000000077bc0000 - 0x0000000077d69000 	C:\Windows\SYSTEM32\ntdll.dll
0x0000000077aa0000 - 0x0000000077bbf000 	C:\Windows\system32\kernel32.dll
0x000007fefdcb0000 - 0x000007fefdd1c000 	C:\Windows\system32\KERNELBASE.dll
0x0000000074460000 - 0x0000000074515000 	C:\Program Files\MATLAB\R2013a\bin\win64\libut.dll
0x00000000758a0000 - 0x000000007595f000 	C:\Program Files\MATLAB\R2013a\bin\win64\libmwi18n.dll
0x0000000180000000 - 0x000000018000d000 	C:\Program Files\MATLAB\R2013a\bin\win64\libmwresource_core.dll
0x0000000073040000 - 0x00000000730d8000 	C:\Program Files\MATLAB\R2013a\bin\win64\MSVCP100.dll
0x0000000072f60000 - 0x0000000073032000 	C:\Program Files\MATLAB\R2013a\bin\win64\MSVCR100.dll
0x00000000735b0000 - 0x00000000735be000 	C:\Program Files\MATLAB\R2013a\bin\win64\boost_date_time-vc100-mt-1_49.dll
0x0000000073340000 - 0x000000007336c000 	C:\Program Files\MATLAB\R2013a\bin\win64\boost_filesystem-vc100-mt-1_49.dll
0x00000000735a0000 - 0x00000000735a9000 	C:\Program Files\MATLAB\R2013a\bin\win64\boost_system-vc100-mt-1_49.dll
0x000007feff740000 - 0x000007feff81b000 	C:\Windows\system32\ADVAPI32.dll
0x000007feffdb0000 - 0x000007feffe4f000 	C:\Windows\system32\msvcrt.dll
0x000007feff450000 - 0x000007feff46f000 	C:\Windows\SYSTEM32\sechost.dll
0x000007feffc80000 - 0x000007feffdad000 	C:\Windows\system32\RPCRT4.dll
0x0000000073310000 - 0x0000000073335000 	C:\Program Files\MATLAB\R2013a\bin\win64\LIBEXPAT.dll
0x0000000070a90000 - 0x0000000070c1a000 	C:\Program Files\MATLAB\R2013a\bin\win64\icuin49.dll
0x0000000070c70000 - 0x0000000070dae000 	C:\Program Files\MATLAB\R2013a\bin\win64\icuuc49.dll
0x000000006bd40000 - 0x000000006ce62000 	C:\Program Files\MATLAB\R2013a\bin\win64\icudt49.dll
0x0000000073260000 - 0x0000000073270000 	C:\Program Files\MATLAB\R2013a\bin\win64\icuio49.dll
0x0000000073f70000 - 0x0000000074112000 	C:\Program Files\MATLAB\R2013a\bin\win64\libmwfl.dll
0x000000007a350000 - 0x000000007a737000 	C:\Program Files\MATLAB\R2013a\bin\win64\libmwMATLAB_res.dll
0x000000006dec0000 - 0x000000006df9f000 	C:\Program Files\MATLAB\R2013a\bin\win64\boost_regex-vc100-mt-1_49.dll
0x00000000779a0000 - 0x0000000077a9a000 	C:\Windows\system32\USER32.dll
0x000007fefefa0000 - 0x000007feff007000 	C:\Windows\system32\GDI32.dll
0x000007feff730000 - 0x000007feff73e000 	C:\Windows\system32\LPK.dll
0x000007feff470000 - 0x000007feff539000 	C:\Windows\system32\USP10.dll
0x0000000073240000 - 0x0000000073251000 	C:\Program Files\MATLAB\R2013a\bin\win64\boost_signals-vc100-mt-1_49.dll
0x0000000073220000 - 0x0000000073231000 	C:\Program Files\MATLAB\R2013a\bin\win64\boost_thread-vc100-mt-1_49.dll
0x000007fef46a0000 - 0x000007fef472c000 	C:\Program Files\MATLAB\R2013a\bin\win64\boost_log-vc100-mt-1_49.dll
0x0000000077d80000 - 0x0000000077d87000 	C:\Windows\system32\PSAPI.DLL
0x000007feff180000 - 0x000007feff1cd000 	C:\Windows\system32\WS2_32.dll
0x000007feff540000 - 0x000007feff548000 	C:\Windows\system32\NSI.dll
0x000007fef5b00000 - 0x000007fef5b33000 	C:\Program Files\MATLAB\R2013a\bin\win64\tbb.dll
0x000007feff430000 - 0x000007feff449000 	C:\Windows\system32\imagehlp.dll
0x000007fefaaf0000 - 0x000007fefab1c000 	C:\Windows\system32\POWRPROF.dll
0x000007feff1d0000 - 0x000007feff3a7000 	C:\Windows\system32\SETUPAPI.dll
0x000007fefdae0000 - 0x000007fefdb16000 	C:\Windows\system32\CFGMGR32.dll
0x000007feff550000 - 0x000007feff627000 	C:\Windows\system32\OLEAUT32.dll
0x000007fefed60000 - 0x000007fefef63000 	C:\Windows\system32\ole32.dll
0x000007fefda90000 - 0x000007fefdaaa000 	C:\Windows\system32\DEVOBJ.dll
0x0000000004200000 - 0x0000000004221000 	C:\Program Files\MATLAB\R2013a\bin\win64\libmwmfl_scalar.dll
0x000007fef7180000 - 0x000007fef72a5000 	C:\Windows\system32\dbghelp.dll
0x0000000004230000 - 0x000000000455f000 	C:\Program Files\MATLAB\R2013a\bin\win64\libmwservices.dll
0x0000000075a20000 - 0x0000000075b0b000 	C:\Program Files\MATLAB\R2013a\bin\win64\libmx.dll
0x000007fefbc90000 - 0x000007fefbcb8000 	C:\Program Files\MATLAB\R2013a\bin\win64\tbbmalloc.dll
0x0000000073200000 - 0x0000000073217000 	C:\Program Files\MATLAB\R2013a\bin\win64\zlib1.dll
0x0000000004560000 - 0x00000000045ae000 	C:\Program Files\MATLAB\R2013a\bin\win64\libmwregexp.dll
0x0000000075f10000 - 0x0000000075f57000 	C:\Program Files\MATLAB\R2013a\bin\win64\mpath.dll
0x000000007b680000 - 0x000000007bc66000 	C:\Program Files\MATLAB\R2013a\bin\win64\mlutil.dll
0x00000000754d0000 - 0x0000000075547000 	C:\Program Files\MATLAB\R2013a\bin\win64\xmlcore.dll
0x000000006dc70000 - 0x000000006deb1000 	C:\Program Files\MATLAB\R2013a\bin\win64\xerces-c_2_7.dll
0x00000000045c0000 - 0x00000000045e2000 	C:\Program Files\MATLAB\R2013a\bin\win64\libmwMATLAB_settings_res.dll
0x000007fef7b10000 - 0x000007fef7b20000 	C:\Program Files\MATLAB\R2013a\bin\win64\boost_iostreams-vc100-mt-1_49.dll
0x000007fef5950000 - 0x000007fef5996000 	C:\Program Files\MATLAB\R2013a\bin\win64\boost_serialization-vc100-mt-1_49.dll
0x000007fefdfd0000 - 0x000007fefed58000 	C:\Windows\system32\SHELL32.dll
0x000007feff3b0000 - 0x000007feff421000 	C:\Windows\system32\SHLWAPI.dll
0x00000000045f0000 - 0x00000000045f6000 	C:\Program Files\MATLAB\R2013a\bin\win64\libmwnativedisplay.dll
0x000007fefc900000 - 0x000007fefc9a0000 	C:\Windows\WinSxS\amd64_microsoft.windows.common-controls_6595b64144ccf1df_5.82.7601.18201_none_a4d3b9377117c3df\COMCTL32.dll
0x000007feffbe0000 - 0x000007feffc77000 	C:\Windows\system32\COMDLG32.dll
0x000007fefc580000 - 0x000007fefc596000 	C:\Windows\system32\NETAPI32.dll
0x000007fefc570000 - 0x000007fefc57c000 	C:\Windows\system32\netutils.dll
0x000007fefd3b0000 - 0x000007fefd3d3000 	C:\Windows\system32\srvcli.dll
0x000007fefc550000 - 0x000007fefc565000 	C:\Windows\system32\wkscli.dll
0x0000000074970000 - 0x0000000074a18000 	C:\Program Files\MATLAB\R2013a\bin\win64\mcr.dll
0x0000000075000000 - 0x00000000753b1000 	C:\Program Files\MATLAB\R2013a\bin\win64\iqm.dll
0x0000000074e80000 - 0x0000000074f30000 	C:\Program Files\MATLAB\R2013a\bin\win64\m_dispatcher.dll
0x0000000004600000 - 0x0000000004e08000 	C:\Program Files\MATLAB\R2013a\bin\win64\m_interpreter.dll
0x0000000004e10000 - 0x0000000004e34000 	C:\Program Files\MATLAB\R2013a\bin\win64\libmex.dll
0x0000000075430000 - 0x00000000754ab000 	C:\Program Files\MATLAB\R2013a\bin\win64\profiler.dll
0x0000000004e40000 - 0x00000000050c3000 	C:\Program Files\MATLAB\R2013a\bin\win64\libmwmathutil.dll
0x0000000079f40000 - 0x0000000079f66000 	C:\Program Files\MATLAB\R2013a\bin\win64\libmwmathrng.dll
0x00000000050d0000 - 0x00000000050e0000 	C:\Program Files\MATLAB\R2013a\bin\win64\libmwmfl_rng.dll
0x0000000074c10000 - 0x0000000074cf8000 	C:\Program Files\MATLAB\R2013a\bin\win64\libmwmathcore.dll
0x0000000076160000 - 0x00000000761c3000 	C:\Program Files\MATLAB\R2013a\bin\win64\libmwspmatrix.dll
0x000000007b0a0000 - 0x000000007b2f6000 	C:\Program Files\MATLAB\R2013a\bin\win64\mcos.dll
0x0000000075ea0000 - 0x0000000075f02000 	C:\Program Files\MATLAB\R2013a\bin\win64\libmwcholmod.dll
0x00000000050f0000 - 0x00000000050fd000 	C:\Program Files\MATLAB\R2013a\bin\win64\libmwamd.dll
0x0000000071690000 - 0x0000000071733000 	C:\Windows\WinSxS\amd64_microsoft.vc90.crt_1fc8b3b9a1e18e3b_9.0.30729.6161_none_08e61857a83bc251\MSVCR90.dll
0x0000000005110000 - 0x000000000511c000 	C:\Program Files\MATLAB\R2013a\bin\win64\libmwcolamd.dll
0x000000007a290000 - 0x000000007a2a3000 	C:\Program Files\MATLAB\R2013a\bin\win64\libmwblas.dll
0x000000007a310000 - 0x000000007a325000 	C:\Program Files\MATLAB\R2013a\bin\win64\libmwbinder.dll
0x0000000005130000 - 0x000000000513b000 	C:\Program Files\MATLAB\R2013a\bin\win64\libmwompwrapper.dll
0x0000000075820000 - 0x000000007589e000 	C:\Program Files\MATLAB\R2013a\bin\win64\libmwlapack.dll
0x000000007a1b0000 - 0x000000007a1d0000 	C:\Program Files\MATLAB\R2013a\bin\win64\m_pcodeio.dll
0x0000000079b10000 - 0x0000000079b6c000 	C:\Program Files\MATLAB\R2013a\bin\win64\m_ir.dll
0x0000000078ed0000 - 0x0000000079579000 	C:\Program Files\MATLAB\R2013a\bin\win64\m_parser.dll
0x000000007a2f0000 - 0x000000007a307000 	C:\Program Files\MATLAB\R2013a\bin\win64\ir_xfmr.dll
0x0000000005140000 - 0x0000000005150000 	C:\Program Files\MATLAB\R2013a\bin\win64\mtok.dll
0x000000007a130000 - 0x000000007a158000 	C:\Program Files\MATLAB\R2013a\bin\win64\m_pcodegen.dll
0x0000000079fb0000 - 0x0000000079fdf000 	C:\Program Files\MATLAB\R2013a\bin\win64\libmwbridge.dll
0x0000000074f40000 - 0x0000000074ff6000 	C:\Program Files\MATLAB\R2013a\bin\win64\udd.dll
0x0000000073cc0000 - 0x0000000073e0e000 	C:\Program Files\MATLAB\R2013a\bin\win64\libmwgui.dll
0x000000007a1d0000 - 0x000000007a1f4000 	C:\Program Files\MATLAB\R2013a\bin\win64\graphics_util.dll
0x000007fef2d30000 - 0x000007fef2de8000 	C:\Program Files\MATLAB\R2013a\bin\win64\libtex_base.dll
0x0000000005150000 - 0x0000000005a93000 	C:\Program Files\MATLAB\R2013a\bin\win64\hg.dll
0x0000000076100000 - 0x000000007615a000 	C:\Program Files\MATLAB\R2013a\bin\win64\libmat.dll
0x0000000072d30000 - 0x0000000072f38000 	C:\Program Files\MATLAB\R2013a\bin\win64\hdf5dll.dll
0x0000000075710000 - 0x00000000757d8000 	C:\Program Files\MATLAB\R2013a\bin\win64\jmi.dll
0x0000000005ab0000 - 0x0000000005abe000 	C:\Program Files\MATLAB\R2013a\bin\win64\nativejava_services.dll
0x0000000005ac0000 - 0x0000000005b00000 	C:\Program Files\MATLAB\R2013a\bin\win64\libmwhardcopy.dll
0x0000000075c70000 - 0x0000000075cce000 	C:\Program Files\MATLAB\R2013a\bin\win64\libuij.dll
0x0000000005b00000 - 0x0000000005d3f000 	C:\Program Files\MATLAB\R2013a\bin\win64\hgdatatypes.dll
0x0000000005d40000 - 0x0000000005e2b000 	C:\Program Files\MATLAB\R2013a\bin\win64\hgutils.dll
0x0000000005e30000 - 0x0000000005ede000 	C:\Program Files\MATLAB\R2013a\bin\win64\udd_mi.dll
0x0000000005ee0000 - 0x0000000005f16000 	C:\Program Files\MATLAB\R2013a\bin\win64\libmwgbtutils.dll
0x0000000005f20000 - 0x0000000005f34000 	C:\Program Files\MATLAB\R2013a\bin\win64\libmwgbt.dll
0x0000000005f40000 - 0x000000000620e000 	C:\Program Files\MATLAB\R2013a\bin\win64\uiw.dll
0x0000000006210000 - 0x0000000006219000 	C:\Program Files\MATLAB\R2013a\bin\win64\uinone.dll
0x0000000006220000 - 0x0000000006246000 	C:\Program Files\MATLAB\R2013a\bin\win64\libmwnativefiledialogs.dll
0x0000000006250000 - 0x000000000625c000 	C:\Program Files\MATLAB\R2013a\bin\win64\libmwplatform_res.dll
0x000007fefc530000 - 0x000007fefc548000 	C:\Windows\system32\MPR.dll
0x0000000063910000 - 0x0000000063e6d000 	C:\Program Files\MATLAB\R2013a\bin\win64\mfc100.dll
0x000007fefc9a0000 - 0x000007fefc9a7000 	C:\Windows\system32\MSIMG32.dll
0x000007fefc230000 - 0x000007fefc2a1000 	C:\Windows\system32\WINSPOOL.DRV
0x0000000006260000 - 0x000000000627d000 	C:\Program Files\MATLAB\R2013a\bin\win64\mwoles05.DLL
0x0000000006280000 - 0x00000000062ec000 	C:\Program Files\MATLAB\R2013a\bin\win64\comcli.dll
0x00000000731d0000 - 0x00000000731fb000 	C:\Program Files\MATLAB\R2013a\bin\win64\ATL100.DLL
0x00000000062f0000 - 0x00000000062fc000 	C:\Program Files\MATLAB\R2013a\bin\win64\mlautoregister.dll
0x0000000006300000 - 0x0000000006456000 	C:\Program Files\MATLAB\R2013a\bin\win64\mvm.dll
0x000007fefef70000 - 0x000007fefef9e000 	C:\Windows\system32\IMM32.DLL
0x000007feffad0000 - 0x000007feffbd9000 	C:\Windows\system32\MSCTF.dll
0x000007fefd8f0000 - 0x000007fefd922000 	C:\Windows\system32\nvinitx.dll
0x000000000f000000 - 0x000000000f006000 	C:\Program Files\NVIDIA Corporation\CoProcManager\detoured.dll
0x000007fefa5a0000 - 0x000007fefa5d3000 	C:\Program Files\NVIDIA Corporation\CoProcManager\nvd3d9wrapx.dll
0x000007fefa200000 - 0x000007fefa223000 	C:\Program Files\NVIDIA Corporation\CoProcManager\nvdxgiwrapx.dll
0x000007fefc1d0000 - 0x000007fefc226000 	C:\Windows\system32\UxTheme.dll

VM Arguments:
jvm_args: -XX:PermSize=32m -Xms64m -XX:NewRatio=3 -XX:MaxPermSize=128m -Xmx196m -XX:MaxDirectMemorySize=2147400000 -Dsun.java2d.noddraw=true -Dsun.awt.nopixfmt=true -Xshare:off -Xrs -Dsun.awt.disableMixing=true -Djava.library.path=C:\Program Files\MATLAB\R2013a\bin\win64;C:\Program Files\MATLAB\R2013a\sys\jxbrowser\win64\lib vfprintf abort 
java_command: <unknown>
Launcher Type: generic

Environment Variables:
JAVA_HOME=C:\Program Files (x86)\Java\jre1.7.0_09
PATH=C:\Program Files (x86)\NVIDIA Corporation\PhysX\Common;C:\Program Files (x86)\Java\jre7\bin;C:\Program Files\Common Files\Autodesk Shared\;C:\Program Files (x86)\apache-maven-2.2.1\bin;C:\Program Files (x86)\Java\jre1.7.0_09\bin
USERNAME=Camille
OS=Windows_NT
PROCESSOR_IDENTIFIER=Intel64 Family 6 Model 42 Stepping 7, GenuineIntel



---------------  S Y S T E M  ---------------

OS: Windows 7 Build 7601 Service Pack 1

CPU:total 4 (8 cores per cpu, 2 threads per core) family 6 model 42 stepping 7, cmov, cx8, fxsr, mmx, sse, sse2, sse3, ssse3, sse4.1, sse4.2, ht

Memory: 4k page, physical 4103972k(1593332k free), swap 12294108k(8988672k free)

vm_info: Java HotSpot(TM) 64-Bit Server VM (14.3-b01) for windows-amd64 JRE (1.6.0_17-b04), built on Oct 11 2009 00:46:08 by "java_re" with MS VC++ 8.0

time: Fri Jan 02 00:59:13 2015
elapsed time: 2267 seconds

